<?xml version="1.0" encoding="UTF-8"?>
<testsuite xmlns:xsi="http://www.w3.org/2001/XMLSchema-instance" xsi:noNamespaceSchemaLocation="https://maven.apache.org/surefire/maven-surefire-plugin/xsd/surefire-test-report.xsd" name="com.example.softengproject.ControllerTest.DemoControllerTest" time="1.777" tests="1" errors="0" skipped="0" failures="1">
  <properties>
[...]
</properties>
  <testcase name="testHomePage" classname="com.example.softengproject.ControllerTest.DemoControllerTest" time="0.502">
    <failure message="View name expected:&lt;home&gt; but was:&lt;index&gt;" type="java.lang.AssertionError"><![CDATA[java.lang.AssertionError: View name expected:<home> but was:<index>
	at com.example.softengproject.ControllerTest.DemoControllerTest.testHomePage(DemoControllerTest.java:25)
]]></failure>
    <system-out><![CDATA[19:24:40.357 [main] DEBUG org.springframework.boot.test.autoconfigure.web.servlet.WebMvcTestContextBootstrapper - Neither @ContextConfiguration nor @ContextHierarchy found for test class [DemoControllerTest]: using SpringBootContextLoader
19:24:40.361 [main] DEBUG org.springframework.test.context.support.AbstractContextLoader - Could not detect default resource locations for test class [com.example.softengproject.ControllerTest.DemoControllerTest]: no resource found for suffixes {-context.xml, Context.groovy}.
19:24:40.361 [main] INFO org.springframework.test.context.support.AnnotationConfigContextLoaderUtils - Could not detect default configuration classes for test class [com.example.softengproject.ControllerTest.DemoControllerTest]: DemoControllerTest does not declare any static, non-private, non-final, nested classes annotated with @Configuration.
19:24:40.400 [main] DEBUG org.springframework.boot.test.autoconfigure.web.servlet.WebMvcTestContextBootstrapper - Using ContextCustomizers for test class [DemoControllerTest]: [ImportsContextCustomizer, ExcludeFilterContextCustomizer, DuplicateJsonObjectContextCustomizer, MockitoContextCustomizer, DisableAutoConfigurationContextCustomizer, DisableObservabilityContextCustomizer, TypeExcludeFiltersContextCustomizer, PropertyMappingContextCustomizer, Customizer]
19:24:40.457 [main] DEBUG org.springframework.context.annotation.ClassPathScanningCandidateComponentProvider - Identified candidate component class: file [/home/ryanhjohnston/Undergrad/Spring2023/Software_Engineering/soft-eng-project/target/classes/com/example/softengproject/DemoApplication.class]
19:24:40.458 [main] INFO org.springframework.boot.test.context.SpringBootTestContextBootstrapper - Found @SpringBootConfiguration com.example.softengproject.DemoApplication for test class com.example.softengproject.ControllerTest.DemoControllerTest
19:24:40.473 [main] DEBUG org.springframework.boot.test.autoconfigure.web.servlet.WebMvcTestContextBootstrapper - Using TestExecutionListeners for test class [DemoControllerTest]: [ServletTestExecutionListener, DirtiesContextBeforeModesTestExecutionListener, ApplicationEventsTestExecutionListener, MockitoTestExecutionListener, DependencyInjectionTestExecutionListener, DirtiesContextTestExecutionListener, TransactionalTestExecutionListener, SqlScriptsTestExecutionListener, EventPublishingTestExecutionListener, ResetMocksTestExecutionListener, RestDocsTestExecutionListener, MockRestServiceServerResetTestExecutionListener, MockMvcPrintOnlyOnFailureTestExecutionListener, WebDriverTestExecutionListener, MockWebServiceServerTestExecutionListener]
19:24:40.475 [main] DEBUG org.springframework.test.context.support.AbstractDirtiesContextTestExecutionListener - Before test class: class [DemoControllerTest], class annotated with @DirtiesContext [false] with mode [null]
19:24:40.486 [main] DEBUG org.springframework.test.context.support.DependencyInjectionTestExecutionListener - Performing dependency injection for test class com.example.softengproject.ControllerTest.DemoControllerTest

  .   ____          _            __ _ _
 /\\ / ___'_ __ _ _(_)_ __  __ _ \ \ \ \
( ( )\___ | '_ | '_| | '_ \/ _` | \ \ \ \
 \\/  ___)| |_)| | | | | || (_| |  ) ) ) )
  '  |____| .__|_| |_|_| |_\__, | / / / /
 =========|_|==============|___/=/_/_/_/
 :: Spring Boot ::                (v3.0.2)

2023-03-13T19:24:40.731-05:00  INFO 119301 --- [           main] c.e.s.ControllerTest.DemoControllerTest  : Starting DemoControllerTest using Java 18.0.2-ea with PID 119301 (started by ryanhjohnston in /home/ryanhjohnston/Undergrad/Spring2023/Software_Engineering/soft-eng-project)
2023-03-13T19:24:40.738-05:00  INFO 119301 --- [           main] c.e.s.ControllerTest.DemoControllerTest  : No active profile set, falling back to 1 default profile: "default"
2023-03-13T19:24:41.373-05:00  INFO 119301 --- [           main] o.s.b.a.w.s.WelcomePageHandlerMapping    : Adding welcome page template: index
2023-03-13T19:24:41.472-05:00  INFO 119301 --- [           main] o.s.b.t.m.w.SpringBootMockServletContext : Initializing Spring TestDispatcherServlet ''
2023-03-13T19:24:41.472-05:00  INFO 119301 --- [           main] o.s.t.web.servlet.TestDispatcherServlet  : Initializing Servlet ''
2023-03-13T19:24:41.475-05:00  INFO 119301 --- [           main] o.s.t.web.servlet.TestDispatcherServlet  : Completed initialization in 1 ms
2023-03-13T19:24:41.492-05:00  INFO 119301 --- [           main] c.e.s.ControllerTest.DemoControllerTest  : Started DemoControllerTest in 0.982 seconds (process running for 1.694)

MockHttpServletRequest:
      HTTP Method = GET
      Request URI = /
       Parameters = {}
          Headers = []
             Body = null
    Session Attrs = {}

Handler:
             Type = org.springframework.web.servlet.mvc.ParameterizableViewController

Async:
    Async started = false
     Async result = null

Resolved Exception:
             Type = null

ModelAndView:
        View name = index
             View = null
            Model = null

FlashMap:
       Attributes = null

MockHttpServletResponse:
           Status = 200
    Error message = null
          Headers = [Content-Language:"en", Content-Type:"text/html;charset=UTF-8"]
     Content type = text/html;charset=UTF-8
             Body = 
<!DOCTYPE>
<html>
  <head>
    <meta charset="UTF-8">
    <meta http-equiv="X-UA-Compatible" content="IE=edge">
    <meta name="viewport" content="width=device-width, initial-scale=1.0">
    <link rel="stylesheet" type="text/css" 
    <!-- media="all" href="/index.css" -->
    <title>Student Technology Store</title>
    <!-- THIS IS NEEDED IN EVERY HTML HEADER FOR BOOTSTRAP AND JQUERY TO WORK
    -->
    <link rel="stylesheet"
    href="https://cdn.jsdelivr.net/npm/bootstrap@4.3.1/dist/css/bootstrap.min.css"
    integrity="sha384-ggOyR0iXCbMQv3Xipma34MD+dH/1fQ784/j6cY/iJTQUOhcWr7x9JvoRxT2MZw1T"
    crossorigin="anonymous">
  </head>
  <body>

    <div class="container-fluid p-5 bg-primary text-white text-center">
      <h1>Student Tech Store</h1>
      <p>The best quality technology for college students just like you.</p>
    </div>

    <!-------------------------------- NAVIGATION BAR ------------------------->
    <nav class="navbar navbar-expand-lg navbar-light bg-light">
      <a class="navbar-brand" href="">Dashboard</a>
      <a class="navbar-toggler" type="button" data-toggle="collapse"
        data-target="#navbarSupportedContent"
        aria-controls="navbarSupportedContent" aria-expanded="false"
        aria-label="Toggle navigation" href="">
        <span class="navbar-toggler-icon"></span>
      </a>

      <div class="collapse navbar-collapse" id="navbarSupportedContent">
        <ul class="navbar-nav mr-auto d-inline-flex p-2">
          <li class="nav-item active">
            <a type="button" class="nav-link border" href="">Home
              <span class="sr-only">(current)</span></a></li>
          <li class="nav-item active">
            <a type="button" class="nav-link border" href="">Desktops<span
                class="sr-only">(current)</span></a></li>
          <li class="nav-item active">
            <a type="button" class="nav-link border"  href="">Laptops
              <span class="sr-only">(current)</span></a></li>
          <li class="nav-item active">
            <a type="button" class="nav-link border" href="">Phones
              <span class="sr-only">(current)</span></a></li>
          <li class="nav-item active">
            <a type="button" class="nav-link border" href="">Accessories
              <span class="sr-only">(current)</span></a></li>
          <li class="nav-item active">
            <a type="button" class="nav-link border" href="">About
              <span class="sr-only">(current)</span></a></li>
        </ul>

        <form class="form-inline my-2 my-lg-0">
          <input class="form-control mr-sm-2" type="search" placeholder="Search"
          aria-label="Search"><a class="btn btn-outline=success my-2 my-sm-0"
            type="submit" href="">Search</a> 
        </form>
      </div>
    </nav>

    <!------------------- PAGE CONTENTS ------------------------------------------>


    <!-- NEEDED IN EVERY HTML FILE FOR BOOTSTRAP AND JQUERY TO WORK -->
    <!-- Optional JavaScript -->
    <!-- jQuery first, then Popper.js, then Bootstrap JS -->
    <script src="https://code.jquery.com/jquery-3.3.1.slim.min.js"
      integrity="sha384-q8i/X+965DzO0rT7abK41JStQIAqVgRVzpbzo5smXKp4YfRvH+8abtTE1Pi6jizo"
      crossorigin="anonymous"></script>
    <script
      src="https://cdn.jsdelivr.net/npm/popper.js@1.14.7/dist/umd/popper.min.js"
      integrity="sha384-UO2eT0CpHqdSJQ6hJty5KVphtPhzWj9WO1clHTMGa3JDZwrnQq4sF86dIHNDz0W1"
      crossorigin="anonymous"></script>
    <script
      src="https://cdn.jsdelivr.net/npm/bootstrap@4.3.1/dist/js/bootstrap.min.js"
      integrity="sha384-JjSmVgyd0p3pXB1rRibZUAYoIIy6OrQ6VrjIEaFf/nJGzIxFDsf4x0xIM+B07jRM"
      crossorigin="anonymous"></script>

  </body>
</html>

    Forwarded URL = null
   Redirected URL = null
          Cookies = []
]]></system-out>
  </testcase>
</testsuite>